
> @ul-business/components@1.0.0 build /Users/zlf/person/ul-business/packages/components
> vite build

vite v4.3.9 building for production...
"build.lib.formats" will be ignored because "build.rollupOptions.output" is already an array format.
transforming...
"resolveDirective" is imported from external module "vue" but never used in "menu/src/menu-item.vue?vue&type=script&setup=true&lang.ts", "upload/src/upload.vue?vue&type=script&setup=true&lang.ts", "table/src/table.vue?vue&type=script&setup=true&lang.ts", "menu/src/menu.vue?vue&type=script&setup=true&lang.ts" and "form/src/form.vue?vue&type=script&setup=true&lang.ts".
✓ 28 modules transformed.

(!) outDir /Users/zlf/person/ul-business/packages/ul-business/components/es is not inside project root and will not be emptied.
Use --emptyOutDir to override.

rendering chunks...
computing gzip size...
../ul-business/components/es/style.css                                                                       1.81 kB │ gzip: 0.58 kB
../ul-business/components/es/menu/src/menu.vue2.mjs                                                          0.04 kB │ gzip: 0.06 kB
../ul-business/components/es/form/src/form.vue2.mjs                                                          0.04 kB │ gzip: 0.06 kB
../ul-business/components/es/table/src/table.vue2.mjs                                                        0.04 kB │ gzip: 0.06 kB
../ul-business/components/es/upload/src/upload.vue2.mjs                                                      0.04 kB │ gzip: 0.06 kB
../ul-business/components/es/menu/src/menu-item.vue2.mjs                                                     0.06 kB │ gzip: 0.08 kB
../ul-business/components/es/form/src/form.vue3.mjs                                                          0.09 kB │ gzip: 0.08 kB
../ul-business/components/es/menu/src/menu.vue3.mjs                                                          0.09 kB │ gzip: 0.08 kB
../ul-business/components/es/table/src/table.vue3.mjs                                                        0.09 kB │ gzip: 0.08 kB
../ul-business/components/es/upload/src/upload.vue3.mjs                                                      0.09 kB │ gzip: 0.09 kB
../ul-business/components/es/menu/src/types/menu-item.mjs                                                    0.17 kB │ gzip: 0.13 kB
../ul-business/components/es/menu/src/types/menu.mjs                                                         0.23 kB │ gzip: 0.21 kB
../ul-business/components/es/form/index.mjs                                                                  0.24 kB │ gzip: 0.16 kB
../ul-business/components/es/table/index.mjs                                                                 0.24 kB │ gzip: 0.16 kB
../ul-business/components/es/installer.mjs                                                                   0.24 kB │ gzip: 0.20 kB
../ul-business/components/es/upload/index.mjs                                                                0.25 kB │ gzip: 0.16 kB
../ul-business/components/es/form/src/type.mjs                                                               0.25 kB │ gzip: 0.19 kB
../ul-business/components/es/component.mjs                                                                   0.27 kB │ gzip: 0.16 kB
../ul-business/components/es/menu/index.mjs                                                                  0.27 kB │ gzip: 0.17 kB
../ul-business/components/es/upload/src/type.mjs                                                             0.27 kB │ gzip: 0.17 kB
../ul-business/components/es/form/src/handleConetnt.mjs                                                      0.45 kB │ gzip: 0.22 kB
../ul-business/components/es/index.mjs                                                                       0.76 kB │ gzip: 0.30 kB
../ul-business/components/es/table/src/type.mjs                                                              1.03 kB │ gzip: 0.39 kB
../ul-business/components/es/menu/src/menu.vue.mjs                                                           1.22 kB │ gzip: 0.61 kB
../ul-business/components/es/menu/src/menu-item.vue.mjs                                                      2.02 kB │ gzip: 0.72 kB
../ul-business/components/es/upload/src/upload.vue.mjs                                                       3.60 kB │ gzip: 1.51 kB
../ul-business/components/es/form/src/form.vue.mjs                                                           5.77 kB │ gzip: 1.76 kB
../ul-business/components/es/table/src/table.vue.mjs                                                        12.60 kB │ gzip: 3.20 kB
../ul-business/components/es/node_modules/.pnpm/tinycolor2@1.6.0/node_modules/tinycolor2/esm/tinycolor.mjs  20.56 kB │ gzip: 5.87 kB
../ul-business/components/lib/menu/src/menu.vue2.js                                                          0.14 kB │ gzip: 0.14 kB
../ul-business/components/lib/form/src/form.vue2.js                                                          0.14 kB │ gzip: 0.14 kB
../ul-business/components/lib/table/src/table.vue2.js                                                        0.14 kB │ gzip: 0.14 kB
../ul-business/components/lib/upload/src/upload.vue2.js                                                      0.14 kB │ gzip: 0.14 kB
../ul-business/components/lib/menu/src/menu-item.vue2.js                                                     0.17 kB │ gzip: 0.16 kB
../ul-business/components/lib/form/src/form.vue3.js                                                          0.19 kB │ gzip: 0.16 kB
../ul-business/components/lib/menu/src/menu.vue3.js                                                          0.19 kB │ gzip: 0.16 kB
../ul-business/components/lib/table/src/table.vue3.js                                                        0.20 kB │ gzip: 0.16 kB
../ul-business/components/lib/upload/src/upload.vue3.js                                                      0.20 kB │ gzip: 0.16 kB
../ul-business/components/lib/menu/src/types/menu-item.js                                                    0.22 kB │ gzip: 0.18 kB
../ul-business/components/lib/menu/src/types/menu.js                                                         0.25 kB │ gzip: 0.21 kB
../ul-business/components/lib/form/src/type.js                                                               0.26 kB │ gzip: 0.21 kB
../ul-business/components/lib/upload/src/type.js                                                             0.26 kB │ gzip: 0.19 kB
../ul-business/components/lib/installer.js                                                                   0.28 kB │ gzip: 0.23 kB
../ul-business/components/lib/component.js                                                                   0.31 kB │ gzip: 0.21 kB
../ul-business/components/lib/form/index.js                                                                  0.32 kB │ gzip: 0.22 kB
../ul-business/components/lib/table/index.js                                                                 0.33 kB │ gzip: 0.22 kB
../ul-business/components/lib/upload/index.js                                                                0.33 kB │ gzip: 0.22 kB
../ul-business/components/lib/menu/index.js                                                                  0.39 kB │ gzip: 0.23 kB
../ul-business/components/lib/form/src/handleConetnt.js                                                      0.45 kB │ gzip: 0.27 kB
../ul-business/components/lib/index.js                                                                       0.75 kB │ gzip: 0.33 kB
../ul-business/components/lib/table/src/type.js                                                              0.78 kB │ gzip: 0.39 kB
../ul-business/components/lib/menu/src/menu.vue.js                                                           1.03 kB │ gzip: 0.55 kB
../ul-business/components/lib/menu/src/menu-item.vue.js                                                      1.54 kB │ gzip: 0.62 kB
../ul-business/components/lib/upload/src/upload.vue.js                                                       2.50 kB │ gzip: 1.30 kB
../ul-business/components/lib/form/src/form.vue.js                                                           4.10 kB │ gzip: 1.44 kB
../ul-business/components/lib/table/src/table.vue.js                                                         8.09 kB │ gzip: 2.59 kB
../ul-business/components/lib/node_modules/.pnpm/tinycolor2@1.6.0/node_modules/tinycolor2/esm/tinycolor.js  15.36 kB │ gzip: 5.35 kB

[vite:dts] Start generate declaration files...
[96minstaller.ts[0m:[93m6[0m:[93m9[0m - [91merror[0m[90m TS7053: [0mElement implicitly has an 'any' type because expression of type 'unique symbol' can't be used to index type 'App<any>'.
  Property '["ul-utils/es/vue/install".INSTALLED_KEY]' does not exist on type 'App<any>'.

[7m6[0m     if (app[INSTALLED_KEY]) return;
[7m [0m [91m        ~~~~~~~~~~~~~~~~~~[0m
[96minstaller.ts[0m:[93m7[0m:[93m5[0m - [91merror[0m[90m TS7053: [0mElement implicitly has an 'any' type because expression of type 'unique symbol' can't be used to index type 'App<any>'.
  Property '["ul-utils/es/vue/install".INSTALLED_KEY]' does not exist on type 'App<any>'.

[7m7[0m     app[INSTALLED_KEY] = true;
[7m [0m [91m    ~~~~~~~~~~~~~~~~~~[0m
[96mtable/src/table.vue.ts[0m:[93m64[0m:[93m41[0m - [91merror[0m[90m TS2339: [0mProperty 'getValue' does not exist on type '{ $: ComponentInternalInstance; $data: {}; $props: Partial<{ inline: boolean; labelWidth: string | number; inlineMessage: boolean; showMessage: EpPropMergeType<BooleanConstructor, unknown, unknown>; ... 8 more ...; disabled: boolean; }> & Omit<...>; ... 10 more ...; $watch<T extends string | ((...args: any) => any)>...'.

[7m64[0m     const formValue = searchForm.value?.getValue?.();
[7m  [0m [91m                                        ~~~~~~~~[0m
[96mtable/src/table.vue.ts[0m:[93m85[0m:[93m21[0m - [91merror[0m[90m TS2339: [0mProperty 'elFrom' does not exist on type '{ $: ComponentInternalInstance; $data: {}; $props: Partial<{ inline: boolean; labelWidth: string | number; inlineMessage: boolean; showMessage: EpPropMergeType<BooleanConstructor, unknown, unknown>; ... 8 more ...; disabled: boolean; }> & Omit<...>; ... 10 more ...; $watch<T extends string | ((...args: any) => any)>...'.

[7m85[0m   searchForm.value?.elFrom?.resetFields?.();
[7m  [0m [91m                    ~~~~~~[0m
[96mtable/src/table.vue.ts[0m:[93m121[0m:[93m21[0m - [91merror[0m[90m TS2339: [0mProperty 'elFrom' does not exist on type '{ $: ComponentInternalInstance; $data: {}; $props: Partial<{ inline: boolean; labelWidth: string | number; inlineMessage: boolean; showMessage: EpPropMergeType<BooleanConstructor, unknown, unknown>; ... 8 more ...; disabled: boolean; }> & Omit<...>; ... 10 more ...; $watch<T extends string | ((...args: any) => any)>...'.

[7m121[0m   dialogForm.value?.elFrom?.resetFields?.();
[7m   [0m [91m                    ~~~~~~[0m
[96mtable/src/table.vue.ts[0m:[93m148[0m:[93m23[0m - [91merror[0m[90m TS2339: [0mProperty 'setValue' does not exist on type '{ $: ComponentInternalInstance; $data: {}; $props: Partial<{ inline: boolean; labelWidth: string | number; inlineMessage: boolean; showMessage: EpPropMergeType<BooleanConstructor, unknown, unknown>; ... 8 more ...; disabled: boolean; }> & Omit<...>; ... 10 more ...; $watch<T extends string | ((...args: any) => any)>...'.

[7m148[0m     dialogForm.value?.setValue?.(detail);
[7m   [0m [91m                      ~~~~~~~~[0m
[96mtable/src/table.vue.ts[0m:[93m200[0m:[93m21[0m - [91merror[0m[90m TS2339: [0mProperty 'elFrom' does not exist on type '{ $: ComponentInternalInstance; $data: {}; $props: Partial<{ inline: boolean; labelWidth: string | number; inlineMessage: boolean; showMessage: EpPropMergeType<BooleanConstructor, unknown, unknown>; ... 8 more ...; disabled: boolean; }> & Omit<...>; ... 10 more ...; $watch<T extends string | ((...args: any) => any)>...'.

[7m200[0m   dialogForm.value?.elFrom?.validate?.(async (vaild: boolean) => {
[7m   [0m [91m                    ~~~~~~[0m
[96mtable/src/table.vue.ts[0m:[93m207[0m:[93m43[0m - [91merror[0m[90m TS2339: [0mProperty 'getValue' does not exist on type '{ $: ComponentInternalInstance; $data: {}; $props: Partial<{ inline: boolean; labelWidth: string | number; inlineMessage: boolean; showMessage: EpPropMergeType<BooleanConstructor, unknown, unknown>; ... 8 more ...; disabled: boolean; }> & Omit<...>; ... 10 more ...; $watch<T extends string | ((...args: any) => any)>...'.

[7m207[0m       const formValue = dialogForm.value?.getValue?.();
[7m   [0m [91m                                          ~~~~~~~~[0m

✓ built in 7.07s
[vite:dts] Declaration files built in 6556ms.

